[debug] [2023-04-17T10:32:32.646Z] ----------------------------------------------------------------------
[debug] [2023-04-17T10:32:32.648Z] Command:       C:\Program Files\nodejs\node.exe C:\Users\Masami\AppData\Roaming\npm\node_modules\firebase-tools\lib\bin\firebase.js init
[debug] [2023-04-17T10:32:32.648Z] CLI Version:   11.24.1
[debug] [2023-04-17T10:32:32.648Z] Platform:      win32
[debug] [2023-04-17T10:32:32.648Z] Node Version:  v16.17.1
[debug] [2023-04-17T10:32:32.649Z] Time:          Mon Apr 17 2023 22:32:32 GMT+1200 (New Zealand Standard Time)
[debug] [2023-04-17T10:32:32.649Z] ----------------------------------------------------------------------
[debug] 
[debug] [2023-04-17T10:32:32.654Z] >>> [apiv2][query] GET https://firebase-public.firebaseio.com/cli.json [none]
[debug] [2023-04-17T10:32:32.744Z] > command requires scopes: ["email","openid","https://www.googleapis.com/auth/cloudplatformprojects.readonly","https://www.googleapis.com/auth/firebase","https://www.googleapis.com/auth/cloud-platform"]
[debug] [2023-04-17T10:32:32.744Z] > authorizing via signed-in user (msto211@mywhitecliffe.com)
[info] 
     ######## #### ########  ######## ########     ###     ######  ########
     ##        ##  ##     ## ##       ##     ##  ##   ##  ##       ##
     ######    ##  ########  ######   ########  #########  ######  ######
     ##        ##  ##    ##  ##       ##     ## ##     ##       ## ##
     ##       #### ##     ## ######## ########  ##     ##  ######  ########

You're about to initialize a Firebase project in this directory:

  C:\Users\Masami\kauri-point-construction

Before we get started, keep in mind:

  * You are initializing within an existing Firebase project directory

[debug] [2023-04-17T10:32:33.430Z] <<< [apiv2][status] GET https://firebase-public.firebaseio.com/cli.json 200
[debug] [2023-04-17T10:32:33.430Z] <<< [apiv2][body] GET https://firebase-public.firebaseio.com/cli.json {"cloudBuildErrorAfter":1594252800000,"cloudBuildWarnAfter":1590019200000,"defaultNode10After":1594252800000,"minVersion":"3.0.5","node8DeploysDisabledAfter":1613390400000,"node8RuntimeDisabledAfter":1615809600000,"node8WarnAfter":1600128000000}
